<?xml version="1.0" encoding="UTF-8"?>
<!-- Generated by org.testng.reporters.JUnitReportReporter -->
<testsuite hostname="DESKTOP-HKLU73H" failures="0" tests="1" name="fitPeo.fitPeo.AppTest" time="0.002" errors="0" timestamp="05 Aug 2024 03:48:56 GMT" skipped="0">
  <testcase classname="fitPeo.fitPeo.AppTest" name="testApp" time="0.002"/>
</testsuite> <!-- fitPeo.fitPeo.AppTest -->
